<?xml version="1.0" encoding="UTF-8"?>
<!-- Generated by org.testng.reporters.JUnitReportReporter -->
<testsuite skipped="0" hostname="DESKTOP-OKSF8GL" name="Tuesday.Demo3" tests="3" failures="0" timestamp="12 Feb 2019 07:45:22 GMT" time="0.000" errors="0">
  <testcase name="testb2" time="0.000" classname="Tuesday.Demo3"/>
  <testcase name="TestA" time="0.000" classname="Tuesday.Demo3"/>
  <testcase name="testb1" time="0.000" classname="Tuesday.Demo3"/>
</testsuite> <!-- Tuesday.Demo3 -->
