<?xml version="1.0" encoding="UTF-8"?>
<!-- Generated by org.testng.reporters.JUnitReportReporter -->
<testsuite skipped="0" hostname="DESKTOP-OKSF8GL" name="Tuesday.Democ" tests="1" failures="0" timestamp="13 Feb 2019 07:17:14 GMT" time="0.016" errors="0">
  <testcase name="deleteUser" time="0.016" classname="Tuesday.Democ"/>
</testsuite> <!-- Tuesday.Democ -->
