<?xml version="1.0" encoding="UTF-8"?>
<!-- Generated by org.testng.reporters.JUnitReportReporter -->
<testsuite skipped="0" hostname="DESKTOP-OKSF8GL" name="Tuesday.DemoA" tests="5" failures="0" timestamp="13 Feb 2019 06:30:37 GMT" time="0.029" errors="0">
  <testcase name="editUser" time="0.005" classname="Tuesday.DemoA"/>
  <testcase name="deleteUser" time="0.013" classname="Tuesday.DemoA"/>
  <testcase name="editUser" time="0.002" classname="Tuesday.DemoA"/>
  <testcase name="createUser" time="0.004" classname="Tuesday.DemoA"/>
  <testcase name="createUser" time="0.005" classname="Tuesday.DemoA"/>
</testsuite> <!-- Tuesday.DemoA -->
