<?xml version="1.0" encoding="UTF-8"?>
<!-- Generated by org.testng.reporters.JUnitReportReporter -->
<testsuite skipped="0" hostname="DESKTOP-OKSF8GL" name="Tuesday.Demo1" tests="1" failures="0" timestamp="12 Feb 2019 07:37:35 GMT" time="0.016" errors="0">
  <testcase name="TestA" time="0.016" classname="Tuesday.Demo1"/>
</testsuite> <!-- Tuesday.Demo1 -->
